This is pdfTeX, Version 3.141592653-2.6-1.40.27 (TeX Live 2025) (preloaded format=pdflatex 2025.10.2)  21 NOV 2025 01:03
entering extended mode
 restricted \write18 enabled.
 file:line:error style messages enabled.
 %&-line parsing enabled.
**main.tex
(./main.tex
LaTeX2e <2024-11-01> patch level 2
L3 programming layer <2025-01-18>
(/usr/local/texlive/2025/texmf-dist/tex/latex/extsizes/extarticle.cls
Document Class: extarticle 1996/10/08 v1.0 Non Standard LaTeX document class
(/usr/local/texlive/2025/texmf-dist/tex/latex/base/size10.clo
File: size10.clo 2024/06/29 v1.4n Standard LaTeX file (size option)
)
(/usr/local/texlive/2025/texmf-dist/tex/latex/base/exscale.sty
Package: exscale 2018/09/24 v2.1i Standard LaTeX package exscale
LaTeX Font Info:    Redeclaring symbol font `largesymbols' on input line 57.
LaTeX Font Info:    Overwriting symbol font `largesymbols' in version `normal'
(Font)                  OMX/cmex/m/n --> OMX/cmex/m/n on input line 57.
LaTeX Font Info:    Overwriting symbol font `largesymbols' in version `bold'
(Font)                  OMX/cmex/m/n --> OMX/cmex/m/n on input line 57.
\big@size=\dimen141
)
\c@part=\count196
\c@section=\count197
\c@subsection=\count198
\c@subsubsection=\count199
\c@paragraph=\count266
\c@subparagraph=\count267
\c@figure=\count268
\c@table=\count269
\abovecaptionskip=\skip49
\belowcaptionskip=\skip50
\bibindent=\dimen142
)
(/usr/local/texlive/2025/texmf-dist/tex/latex/setspace/setspace.sty
Package: setspace 2022/12/04 v6.7b set line spacing
)
(/usr/local/texlive/2025/texmf-dist/tex/latex/anyfontsize/anyfontsize.sty
Package: anyfontsize 2007/11/22 anyfontsize.sty by pts
)
(/usr/local/texlive/2025/texmf-dist/tex/latex/tools/tabularx.sty
Package: tabularx 2023/12/11 v2.12a `tabularx' package (DPC)

(/usr/local/texlive/2025/texmf-dist/tex/latex/tools/array.sty
Package: array 2024/10/17 v2.6g Tabular extension package (FMi)
\col@sep=\dimen143
\ar@mcellbox=\box52
\extrarowheight=\dimen144
\NC@list=\toks17
\extratabsurround=\skip51
\backup@length=\skip52
\ar@cellbox=\box53
)
\TX@col@width=\dimen145
\TX@old@table=\dimen146
\TX@old@col=\dimen147
\TX@target=\dimen148
\TX@delta=\dimen149
\TX@cols=\count270
\TX@ftn=\toks18
)
(/usr/local/texlive/2025/texmf-dist/tex/latex/multirow/multirow.sty
Package: multirow 2024/11/12 v2.9 Span multiple rows of a table
\multirow@colwidth=\skip53
\multirow@cntb=\count271
\multirow@dima=\skip54
\bigstrutjot=\dimen150
)
(/usr/local/texlive/2025/texmf-dist/tex/generic/soul/soul.sty
Package: soul 2023-06-14 v3.1 Permit use of UTF-8 characters in soul (HO)

(/usr/local/texlive/2025/texmf-dist/tex/generic/soul/soul-ori.sty
Package: soul-ori 2023-06-14 v3.1 letterspacing/underlining (mf)
\SOUL@word=\toks19
\SOUL@lasttoken=\toks20
\SOUL@syllable=\toks21
\SOUL@cmds=\toks22
\SOUL@buffer=\toks23
\SOUL@token=\toks24
\SOUL@syllgoal=\dimen151
\SOUL@syllwidth=\dimen152
\SOUL@charkern=\dimen153
\SOUL@hyphkern=\dimen154
\SOUL@dimen=\dimen155
\SOUL@dimeni=\dimen156
\SOUL@minus=\count272
\SOUL@comma=\count273
\SOUL@apo=\count274
\SOUL@grave=\count275
\SOUL@spaceskip=\skip55
\SOUL@ttwidth=\dimen157
\SOUL@uldp=\dimen158
\SOUL@ulht=\dimen159
)
(/usr/local/texlive/2025/texmf-dist/tex/generic/infwarerr/infwarerr.sty
Package: infwarerr 2019/12/03 v1.5 Providing info/warning/error messages (HO)
)
(/usr/local/texlive/2025/texmf-dist/tex/generic/etexcmds/etexcmds.sty
Package: etexcmds 2019/12/15 v1.7 Avoid name clashes with e-TeX commands (HO)

(/usr/local/texlive/2025/texmf-dist/tex/generic/iftex/iftex.sty
Package: iftex 2024/12/12 v1.0g TeX engine tests
)))
(/usr/local/texlive/2025/texmf-dist/tex/latex/xcolor/xcolor.sty
Package: xcolor 2024/09/29 v3.02 LaTeX color extensions (UK)

(/usr/local/texlive/2025/texmf-dist/tex/latex/graphics-cfg/color.cfg
File: color.cfg 2016/01/02 v1.6 sample color configuration
)
Package xcolor Info: Driver file: pdftex.def on input line 274.

(/usr/local/texlive/2025/texmf-dist/tex/latex/graphics-def/pdftex.def
File: pdftex.def 2024/04/13 v1.2c Graphics/color driver for pdftex
)
(/usr/local/texlive/2025/texmf-dist/tex/latex/graphics/mathcolor.ltx)
Package xcolor Info: Model `cmy' substituted by `cmy0' on input line 1349.
Package xcolor Info: Model `hsb' substituted by `rgb' on input line 1353.
Package xcolor Info: Model `RGB' extended on input line 1365.
Package xcolor Info: Model `HTML' substituted by `rgb' on input line 1367.
Package xcolor Info: Model `Hsb' substituted by `hsb' on input line 1368.
Package xcolor Info: Model `tHsb' substituted by `hsb' on input line 1369.
Package xcolor Info: Model `HSB' substituted by `hsb' on input line 1370.
Package xcolor Info: Model `Gray' substituted by `gray' on input line 1371.
Package xcolor Info: Model `wave' substituted by `hsb' on input line 1372.
)
(/usr/local/texlive/2025/texmf-dist/tex/latex/base/fontenc.sty
Package: fontenc 2021/04/29 v2.0v Standard LaTeX package
)
(/usr/local/texlive/2025/texmf-dist/tex/latex/blindtext/blindtext.sty
Package: blindtext 2012/01/06 V2.0 blindtext-Package

(/usr/local/texlive/2025/texmf-dist/tex/latex/tools/xspace.sty
Package: xspace 2014/10/28 v1.13 Space after command names (DPC,MH)
)
\c@blindtext=\count276
\c@Blindtext=\count277
\c@blind@countparstart=\count278
\blind@countxx=\count279
\blindtext@numBlindtext=\count280
\blind@countyy=\count281
\c@blindlist=\count282
\c@blindlistlevel=\count283
\c@blindlist@level=\count284
\blind@listitem=\count285
\c@blind@listcount=\count286
\c@blind@levelcount=\count287
\blind@mathformula=\count288
\blind@Mathformula=\count289
\c@blind@randomcount=\count290
\c@blind@randommax=\count291
\c@blind@pangramcount=\count292
\c@blind@pangrammax=\count293
)
(/usr/local/texlive/2025/texmf-dist/tex/latex/titling/titling.sty
Package: titling 2009/09/04 v2.1d maketitle typesetting
\thanksmarkwidth=\skip56
\thanksmargin=\skip57
\droptitle=\skip58
)
(/usr/local/texlive/2025/texmf-dist/tex/generic/babel/babel.sty
Package: babel 2025/02/14 v25.4 The multilingual framework for pdfLaTeX, LuaLaT
eX and XeLaTeX
\babel@savecnt=\count294
\U@D=\dimen160
\l@unhyphenated=\language90

(/usr/local/texlive/2025/texmf-dist/tex/generic/babel/txtbabel.def)
\bbl@readstream=\read2
\bbl@dirlevel=\count295

(/usr/local/texlive/2025/texmf-dist/tex/generic/babel-english/english.ldf
Language: english 2017/06/06 v3.3r English support from the babel system
Package babel Info: Hyphen rules for 'canadian' set to \l@english
(babel)             (\language0). Reported on input line 102.
Package babel Info: Hyphen rules for 'australian' set to \l@ukenglish
(babel)             (\language22). Reported on input line 105.
Package babel Info: Hyphen rules for 'newzealand' set to \l@ukenglish
(babel)             (\language22). Reported on input line 108.
))
(/usr/local/texlive/2025/texmf-dist/tex/generic/babel/locale/en/babel-english.t
ex
Package babel Info: Importing font and identification data for english
(babel)             from babel-en.ini. Reported on input line 11.
) (/usr/local/texlive/2025/texmf-dist/tex/latex/graphics/graphicx.sty
Package: graphicx 2021/09/16 v1.2d Enhanced LaTeX Graphics (DPC,SPQR)

(/usr/local/texlive/2025/texmf-dist/tex/latex/graphics/keyval.sty
Package: keyval 2022/05/29 v1.15 key=value parser (DPC)
\KV@toks@=\toks25
)
(/usr/local/texlive/2025/texmf-dist/tex/latex/graphics/graphics.sty
Package: graphics 2024/08/06 v1.4g Standard LaTeX Graphics (DPC,SPQR)

(/usr/local/texlive/2025/texmf-dist/tex/latex/graphics/trig.sty
Package: trig 2023/12/02 v1.11 sin cos tan (DPC)
)
(/usr/local/texlive/2025/texmf-dist/tex/latex/graphics-cfg/graphics.cfg
File: graphics.cfg 2016/06/04 v1.11 sample graphics configuration
)
Package graphics Info: Driver file: pdftex.def on input line 106.
)
\Gin@req@height=\dimen161
\Gin@req@width=\dimen162
)
(/usr/local/texlive/2025/texmf-dist/tex/latex/float/float.sty
Package: float 2001/11/08 v1.3d Float enhancements (AL)
\c@float@type=\count296
\float@exts=\toks26
\float@box=\box54
\@float@everytoks=\toks27
\@floatcapt=\box55
)
(/usr/local/texlive/2025/texmf-dist/tex/latex/eso-pic/eso-pic.sty
Package: eso-pic 2023/05/03 v3.0c eso-pic (RN)
\ESO@tempdima=\dimen163
\ESO@tempdimb=\dimen164
)
(/usr/local/texlive/2025/texmf-dist/tex/latex/caption/subcaption.sty
Package: subcaption 2023/07/28 v1.6b Sub-captions (AR)

(/usr/local/texlive/2025/texmf-dist/tex/latex/caption/caption.sty
Package: caption 2023/08/05 v3.6o Customizing captions (AR)

(/usr/local/texlive/2025/texmf-dist/tex/latex/caption/caption3.sty
Package: caption3 2023/07/31 v2.4d caption3 kernel (AR)
\caption@tempdima=\dimen165
\captionmargin=\dimen166
\caption@leftmargin=\dimen167
\caption@rightmargin=\dimen168
\caption@width=\dimen169
\caption@indent=\dimen170
\caption@parindent=\dimen171
\caption@hangindent=\dimen172
Package caption Info: Standard document class detected.
)
\c@caption@flags=\count297
\c@continuedfloat=\count298
Package caption Info: float package is loaded.
)
Package caption Info: New subtype `subfigure' on input line 238.
\c@subfigure=\count299
Package caption Info: New subtype `subtable' on input line 238.
\c@subtable=\count300
)
(/usr/local/texlive/2025/texmf-dist/tex/latex/geometry/geometry.sty
Package: geometry 2020/01/02 v5.9 Page Geometry

(/usr/local/texlive/2025/texmf-dist/tex/generic/iftex/ifvtex.sty
Package: ifvtex 2019/10/25 v1.7 ifvtex legacy package. Use iftex instead.
)
\Gm@cnth=\count301
\Gm@cntv=\count302
\c@Gm@tempcnt=\count303
\Gm@bindingoffset=\dimen173
\Gm@wd@mp=\dimen174
\Gm@odd@mp=\dimen175
\Gm@even@mp=\dimen176
\Gm@layoutwidth=\dimen177
\Gm@layoutheight=\dimen178
\Gm@layouthoffset=\dimen179
\Gm@layoutvoffset=\dimen180
\Gm@dimlist=\toks28
)
(/usr/local/texlive/2025/texmf-dist/tex/latex/placeins/placeins.sty
Package: placeins 2005/04/18  v 2.2
)
(/usr/local/texlive/2025/texmf-dist/tex/latex/l3backend/l3backend-pdftex.def
File: l3backend-pdftex.def 2024-05-08 L3 backend support: PDF output (pdfTeX)
\l__color_backend_stack_int=\count304
\l__pdf_internal_box=\box56
)
(./main.aux)
\openout1 = `main.aux'.

LaTeX Font Info:    Checking defaults for OML/cmm/m/it on input line 37.
LaTeX Font Info:    ... okay on input line 37.
LaTeX Font Info:    Checking defaults for OMS/cmsy/m/n on input line 37.
LaTeX Font Info:    ... okay on input line 37.
LaTeX Font Info:    Checking defaults for OT1/cmr/m/n on input line 37.
LaTeX Font Info:    ... okay on input line 37.
LaTeX Font Info:    Checking defaults for T1/cmr/m/n on input line 37.
LaTeX Font Info:    ... okay on input line 37.
LaTeX Font Info:    Checking defaults for TS1/cmr/m/n on input line 37.
LaTeX Font Info:    ... okay on input line 37.
LaTeX Font Info:    Checking defaults for OMX/cmex/m/n on input line 37.
LaTeX Font Info:    ... okay on input line 37.
LaTeX Font Info:    Checking defaults for U/cmr/m/n on input line 37.
LaTeX Font Info:    ... okay on input line 37.

(/usr/local/texlive/2025/texmf-dist/tex/context/base/mkii/supp-pdf.mkii
[Loading MPS to PDF converter (version 2006.09.02).]
\scratchcounter=\count305
\scratchdimen=\dimen181
\scratchbox=\box57
\nofMPsegments=\count306
\nofMParguments=\count307
\everyMPshowfont=\toks29
\MPscratchCnt=\count308
\MPscratchDim=\dimen182
\MPnumerator=\count309
\makeMPintoPDFobject=\count310
\everyMPtoPDFconversion=\toks30
) (/usr/local/texlive/2025/texmf-dist/tex/latex/epstopdf-pkg/epstopdf-base.sty
Package: epstopdf-base 2020-01-24 v2.11 Base part for package epstopdf

(/usr/local/texlive/2025/texmf-dist/tex/latex/grfext/grfext.sty
Package: grfext 2019/12/03 v1.3 Manage graphics extensions (HO)

(/usr/local/texlive/2025/texmf-dist/tex/generic/kvdefinekeys/kvdefinekeys.sty
Package: kvdefinekeys 2019-12-19 v1.6 Define keys (HO)
)) (/usr/local/texlive/2025/texmf-dist/tex/latex/kvoptions/kvoptions.sty
Package: kvoptions 2022-06-15 v3.15 Key value format for package options (HO)

(/usr/local/texlive/2025/texmf-dist/tex/generic/ltxcmds/ltxcmds.sty
Package: ltxcmds 2023-12-04 v1.26 LaTeX kernel commands for general use (HO)
)
(/usr/local/texlive/2025/texmf-dist/tex/latex/kvsetkeys/kvsetkeys.sty
Package: kvsetkeys 2022-10-05 v1.19 Key value parser (HO)
))
(/usr/local/texlive/2025/texmf-dist/tex/generic/pdftexcmds/pdftexcmds.sty
Package: pdftexcmds 2020-06-27 v0.33 Utility functions of pdfTeX for LuaTeX (HO
)
Package pdftexcmds Info: \pdf@primitive is available.
Package pdftexcmds Info: \pdf@ifprimitive is available.
Package pdftexcmds Info: \pdfdraftmode found.
)
Package epstopdf-base Info: Redefining graphics rule for `.eps' on input line 4
85.
Package grfext Info: Graphics extension search list:
(grfext)             [.pdf,.png,.jpg,.mps,.jpeg,.jbig2,.jb2,.PDF,.PNG,.JPG,.JPE
G,.JBIG2,.JB2,.eps]
(grfext)             \AppendGraphicsExtensions on input line 504.

(/usr/local/texlive/2025/texmf-dist/tex/latex/latexconfig/epstopdf-sys.cfg
File: epstopdf-sys.cfg 2010/07/13 v1.3 Configuration of (r)epstopdf for TeX Liv
e
))
Package caption Info: Begin \AtBeginDocument code.
Package caption Info: End \AtBeginDocument code.

*geometry* driver: auto-detecting
*geometry* detected driver: pdftex
*geometry* verbose mode - [ preamble ] result:
* driver: pdftex
* paper: <default>
* layout: <same size as paper>
* layoutoffset:(h,v)=(0.0pt,0.0pt)
* modes: 
* h-part:(L,W,R)=(56.9055pt, 500.484pt, 56.9055pt)
* v-part:(T,H,B)=(85.35826pt, 652.70622pt, 56.9055pt)
* \paperwidth=614.295pt
* \paperheight=794.96999pt
* \textwidth=500.484pt
* \textheight=652.70622pt
* \oddsidemargin=-15.36449pt
* \evensidemargin=-15.36449pt
* \topmargin=-23.91173pt
* \headheight=12.0pt
* \headsep=25.0pt
* \topskip=10.0pt
* \footskip=30.0pt
* \marginparwidth=65.0pt
* \marginparsep=11.0pt
* \columnsep=10.0pt
* \skip\footins=9.0pt plus 4.0pt minus 2.0pt
* \hoffset=0.0pt
* \voffset=0.0pt
* \mag=1000
* \@twocolumnfalse
* \@twosidefalse
* \@mparswitchfalse
* \@reversemarginfalse
* (1in=72.27pt=25.4mm, 1cm=28.453pt)

LaTeX Font Info:    External font `cmex7' loaded for size
(Font)              <6> on input line 57.

LaTeX Warning: No \author given.

LaTeX Font Info:    External font `cmex7' loaded for size
(Font)              <7> on input line 60.
LaTeX Font Info:    External font `cmex7' loaded for size
(Font)              <5> on input line 60.
<../../classification/ds1_traffic_accidents/charts/lab2_profiling/traffic_accid
ents_records_variables.png, id=1, 267.8808pt x 171.5208pt>
File: ../../classification/ds1_traffic_accidents/charts/lab2_profiling/traffic_
accidents_records_variables.png Graphic file (type png)
<use ../../classification/ds1_traffic_accidents/charts/lab2_profiling/traffic_a
ccidents_records_variables.png>
Package pdftex.def Info: ../../classification/ds1_traffic_accidents/charts/lab2
_profiling/traffic_accidents_records_variables.png  used on input line 83.
(pdftex.def)             Requested size: 240.23016pt x 153.81767pt.
<../../classification/ds2_flight_cancellation/charts/lab2_profiling/flight_canc
ellations_records_variables.png, id=3, 245.718pt x 171.5208pt>
File: ../../classification/ds2_flight_cancellation/charts/lab2_profiling/flight
_cancellations_records_variables.png Graphic file (type png)
<use ../../classification/ds2_flight_cancellation/charts/lab2_profiling/flight_
cancellations_records_variables.png>
Package pdftex.def Info: ../../classification/ds2_flight_cancellation/charts/la
b2_profiling/flight_cancellations_records_variables.png  used on input line 87.

(pdftex.def)             Requested size: 240.23016pt x 167.69926pt.
<../../classification/ds1_traffic_accidents/charts/lab2_profiling/traffic_accid
ents_variable_types.png, id=4, 250.0542pt x 165.2574pt>
File: ../../classification/ds1_traffic_accidents/charts/lab2_profiling/traffic_
accidents_variable_types.png Graphic file (type png)
<use ../../classification/ds1_traffic_accidents/charts/lab2_profiling/traffic_a
ccidents_variable_types.png>
Package pdftex.def Info: ../../classification/ds1_traffic_accidents/charts/lab2
_profiling/traffic_accidents_variable_types.png  used on input line 95.
(pdftex.def)             Requested size: 240.23016pt x 158.76883pt.
<../../classification/ds2_flight_cancellation/charts/lab2_profiling/flight_canc
ellations_variable_types.png, id=5, 250.0542pt x 165.2574pt>
File: ../../classification/ds2_flight_cancellation/charts/lab2_profiling/flight
_cancellations_variable_types.png Graphic file (type png)
<use ../../classification/ds2_flight_cancellation/charts/lab2_profiling/flight_
cancellations_variable_types.png>
Package pdftex.def Info: ../../classification/ds2_flight_cancellation/charts/la
b2_profiling/flight_cancellations_variable_types.png  used on input line 99.
(pdftex.def)             Requested size: 240.23016pt x 158.76883pt.


<../images/tecnico_logo.jpg, id=6, 142.8975pt x 70.299pt>
File: ../images/tecnico_logo.jpg Graphic file (type jpg)
<use ../images/tecnico_logo.jpg>
Package pdftex.def Info: ../images/tecnico_logo.jpg  used on input line 103.
(pdftex.def)             Requested size: 135.75186pt x 66.78365pt.
[1{/usr/local/texlive/2025/texmf-var/fonts/map/pdftex/updmap/pdftex.map}{/usr/l
ocal/texlive/2025/texmf-dist/fonts/enc/dvips/cm-super/cm-super-t1.enc}

 <../images/tecnico_logo.jpg> <../../classification/ds1_traffic_accidents/chart
s/lab2_profiling/traffic_accidents_records_variables.png> <../../classification
/ds2_flight_cancellation/charts/lab2_profiling/flight_cancellations_records_var
iables.png>]
<../../classification/ds1_traffic_accidents/charts/lab2_profiling/traffic_accid
ents_mv.png, id=21, 269.808pt x 201.3924pt>
File: ../../classification/ds1_traffic_accidents/charts/lab2_profiling/traffic_
accidents_mv.png Graphic file (type png)
<use ../../classification/ds1_traffic_accidents/charts/lab2_profiling/traffic_a
ccidents_mv.png>
Package pdftex.def Info: ../../classification/ds1_traffic_accidents/charts/lab2
_profiling/traffic_accidents_mv.png  used on input line 107.
(pdftex.def)             Requested size: 240.23016pt x 179.31856pt.
<../../classification/ds2_flight_cancellation/charts/lab2_profiling/flight_canc
ellations_mv.png, id=22, 723.1818pt x 313.17pt>
File: ../../classification/ds2_flight_cancellation/charts/lab2_profiling/flight
_cancellations_mv.png Graphic file (type png)
<use ../../classification/ds2_flight_cancellation/charts/lab2_profiling/flight_
cancellations_mv.png>
Package pdftex.def Info: ../../classification/ds2_flight_cancellation/charts/la
b2_profiling/flight_cancellations_mv.png  used on input line 111.
(pdftex.def)             Requested size: 240.23016pt x 104.02974pt.
<../../classification/ds1_traffic_accidents/charts/lab2_profiling/traffic_accid
ents_global_boxplot.png, id=23, 474.0912pt x 306.4248pt>
File: ../../classification/ds1_traffic_accidents/charts/lab2_profiling/traffic_
accidents_global_boxplot.png Graphic file (type png)
<use ../../classification/ds1_traffic_accidents/charts/lab2_profiling/traffic_a
ccidents_global_boxplot.png>
Package pdftex.def Info: ../../classification/ds1_traffic_accidents/charts/lab2
_profiling/traffic_accidents_global_boxplot.png  used on input line 122.
(pdftex.def)             Requested size: 240.23016pt x 155.27399pt.
<../../classification/ds2_flight_cancellation/charts/lab2_profiling/flight_canc
ellations_global_boxplot.png, id=24, 1160.6562pt x 321.8424pt>
File: ../../classification/ds2_flight_cancellation/charts/lab2_profiling/flight
_cancellations_global_boxplot.png Graphic file (type png)
<use ../../classification/ds2_flight_cancellation/charts/lab2_profiling/flight_
cancellations_global_boxplot.png>
Package pdftex.def Info: ../../classification/ds2_flight_cancellation/charts/la
b2_profiling/flight_cancellations_global_boxplot.png  used on input line 126.
(pdftex.def)             Requested size: 240.23016pt x 66.61162pt.
<../../classification/ds1_traffic_accidents/charts/lab2_profiling/traffic_accid
ents_single_boxplots.png, id=25, 702.9462pt x 927.9468pt>
File: ../../classification/ds1_traffic_accidents/charts/lab2_profiling/traffic_
accidents_single_boxplots.png Graphic file (type png)
<use ../../classification/ds1_traffic_accidents/charts/lab2_profiling/traffic_a
ccidents_single_boxplots.png>
Package pdftex.def Info: ../../classification/ds1_traffic_accidents/charts/lab2
_profiling/traffic_accidents_single_boxplots.png  used on input line 132.
(pdftex.def)             Requested size: 500.484pt x 660.67339pt.


[2 <../../classification/ds1_traffic_accidents/charts/lab2_profiling/traffic_ac
cidents_variable_types.png> <../../classification/ds2_flight_cancellation/chart
s/lab2_profiling/flight_cancellations_variable_types.png> <../../classification
/ds1_traffic_accidents/charts/lab2_profiling/traffic_accidents_mv.png> <../../c
lassification/ds2_flight_cancellation/charts/lab2_profiling/flight_cancellation
s_mv.png> <../../classification/ds1_traffic_accidents/charts/lab2_profiling/tra
ffic_accidents_global_boxplot.png> <../../classification/ds2_flight_cancellatio
n/charts/lab2_profiling/flight_cancellations_global_boxplot.png>]
Overfull \vbox (29.96716pt too high) has occurred while \output is active []



[3 <../../classification/ds1_traffic_accidents/charts/lab2_profiling/traffic_ac
cidents_single_boxplots.png>]
<../../classification/ds2_flight_cancellation/charts/lab2_profiling/flight_canc
ellations_single_boxplots.png, id=39, 711.6186pt x 2931.2712pt>
File: ../../classification/ds2_flight_cancellation/charts/lab2_profiling/flight
_cancellations_single_boxplots.png Graphic file (type png)
<use ../../classification/ds2_flight_cancellation/charts/lab2_profiling/flight_
cancellations_single_boxplots.png>
Package pdftex.def Info: ../../classification/ds2_flight_cancellation/charts/la
b2_profiling/flight_cancellations_single_boxplots.png  used on input line 137.
(pdftex.def)             Requested size: 125.12099pt x 515.39545pt.
<../../classification/ds1_traffic_accidents/charts/lab2_profiling/traffic_accid
ents_histogram_numeric_distribution.png, id=40, 867.24pt x 1156.32pt>
File: ../../classification/ds1_traffic_accidents/charts/lab2_profiling/traffic_
accidents_histogram_numeric_distribution.png Graphic file (type png)
<use ../../classification/ds1_traffic_accidents/charts/lab2_profiling/traffic_a
ccidents_histogram_numeric_distribution.png>
Package pdftex.def Info: ../../classification/ds1_traffic_accidents/charts/lab2
_profiling/traffic_accidents_histogram_numeric_distribution.png  used on input 
line 142.
(pdftex.def)             Requested size: 450.43253pt x 600.5841pt.


[4 <../../classification/ds2_flight_cancellation/charts/lab2_profiling/flight_c
ancellations_single_boxplots.png>]
<../../classification/ds1_traffic_accidents/charts/lab2_profiling/traffic_accid
ents_histograms_symbolic.png, id=45, 727.9998pt x 1159.2108pt>
File: ../../classification/ds1_traffic_accidents/charts/lab2_profiling/traffic_
accidents_histograms_symbolic.png Graphic file (type png)
<use ../../classification/ds1_traffic_accidents/charts/lab2_profiling/traffic_a
ccidents_histograms_symbolic.png>
Package pdftex.def Info: ../../classification/ds1_traffic_accidents/charts/lab2
_profiling/traffic_accidents_histograms_symbolic.png  used on input line 147.
(pdftex.def)             Requested size: 400.38872pt x 637.56792pt.


[5 <../../classification/ds1_traffic_accidents/charts/lab2_profiling/traffic_ac
cidents_histogram_numeric_distribution.png>]
Overfull \vbox (6.8617pt too high) has occurred while \output is active []



[6 <../../classification/ds1_traffic_accidents/charts/lab2_profiling/traffic_ac
cidents_histograms_symbolic.png>]
<../../classification/ds2_flight_cancellation/charts/lab2_profiling/flight_canc
ellations_histogram_numeric_distribution.png, id=54, 867.24pt x 3758.04pt>
File: ../../classification/ds2_flight_cancellation/charts/lab2_profiling/flight
_cancellations_histogram_numeric_distribution.png Graphic file (type png)
<use ../../classification/ds2_flight_cancellation/charts/lab2_profiling/flight_
cancellations_histogram_numeric_distribution.png>
Package pdftex.def Info: ../../classification/ds2_flight_cancellation/charts/la
b2_profiling/flight_cancellations_histogram_numeric_distribution.png  used on i
nput line 152.
(pdftex.def)             Requested size: 450.43253pt x 1951.89839pt.

Overfull \vbox (1321.19217pt too high) has occurred while \output is active []



[7 <../../classification/ds2_flight_cancellation/charts/lab2_profiling/flight_c
ancellations_histogram_numeric_distribution.png>]
<../../classification/ds2_flight_cancellation/charts/lab2_profiling/flight_canc
ellations_histograms_symbolic.png, id=60, 756.9078pt x 1602.9486pt>
File: ../../classification/ds2_flight_cancellation/charts/lab2_profiling/flight
_cancellations_histograms_symbolic.png Graphic file (type png)
<use ../../classification/ds2_flight_cancellation/charts/lab2_profiling/flight_
cancellations_histograms_symbolic.png>
Package pdftex.def Info: ../../classification/ds2_flight_cancellation/charts/la
b2_profiling/flight_cancellations_histograms_symbolic.png  used on input line 1
57.
(pdftex.def)             Requested size: 400.38872pt x 847.94443pt.

Overfull \vbox (217.2382pt too high) has occurred while \output is active []



[8 <../../classification/ds2_flight_cancellation/charts/lab2_profiling/flight_c
ancellations_histograms_symbolic.png>]
<../../classification/ds1_traffic_accidents/charts/lab2_profiling/traffic_accid
ents_outliers_standard.png, id=65, 942.8826pt x 267.399pt>
File: ../../classification/ds1_traffic_accidents/charts/lab2_profiling/traffic_
accidents_outliers_standard.png Graphic file (type png)
<use ../../classification/ds1_traffic_accidents/charts/lab2_profiling/traffic_a
ccidents_outliers_standard.png>
Package pdftex.def Info: ../../classification/ds1_traffic_accidents/charts/lab2
_profiling/traffic_accidents_outliers_standard.png  used on input line 164.
(pdftex.def)             Requested size: 500.484pt x 141.93295pt.
<../../classification/ds1_traffic_accidents/charts/lab2_profiling/traffic_accid
ents_outliers_tuned.png, id=66, 942.8826pt x 267.399pt>
File: ../../classification/ds1_traffic_accidents/charts/lab2_profiling/traffic_
accidents_outliers_tuned.png Graphic file (type png)
<use ../../classification/ds1_traffic_accidents/charts/lab2_profiling/traffic_a
ccidents_outliers_tuned.png>
Package pdftex.def Info: ../../classification/ds1_traffic_accidents/charts/lab2
_profiling/traffic_accidents_outliers_tuned.png  used on input line 168.
(pdftex.def)             Requested size: 500.484pt x 141.93295pt.
<../../classification/ds2_flight_cancellation/charts/lab2_profiling/flight_canc
ellations_outliers_standard.png, id=67, 1155.8382pt x 378.6948pt>
File: ../../classification/ds2_flight_cancellation/charts/lab2_profiling/flight
_cancellations_outliers_standard.png Graphic file (type png)
<use ../../classification/ds2_flight_cancellation/charts/lab2_profiling/flight_
cancellations_outliers_standard.png>
Package pdftex.def Info: ../../classification/ds2_flight_cancellation/charts/la
b2_profiling/flight_cancellations_outliers_standard.png  used on input line 175
.
(pdftex.def)             Requested size: 500.484pt x 163.9797pt.
<../../classification/ds2_flight_cancellation/charts/lab2_profiling/flight_canc
ellations_outliers_tuned.png, id=68, 1166.9196pt x 378.6948pt>
File: ../../classification/ds2_flight_cancellation/charts/lab2_profiling/flight
_cancellations_outliers_tuned.png Graphic file (type png)
<use ../../classification/ds2_flight_cancellation/charts/lab2_profiling/flight_
cancellations_outliers_tuned.png>
Package pdftex.def Info: ../../classification/ds2_flight_cancellation/charts/la
b2_profiling/flight_cancellations_outliers_tuned.png  used on input line 179.
(pdftex.def)             Requested size: 500.484pt x 162.41954pt.


[9 <../../classification/ds1_traffic_accidents/charts/lab2_profiling/traffic_ac
cidents_outliers_standard.png> <../../classification/ds1_traffic_accidents/char
ts/lab2_profiling/traffic_accidents_outliers_tuned.png>]
<../../classification/ds1_traffic_accidents/charts/lab2_profiling/traffic_accid
ents_class_distribution.png, id=75, 267.8808pt x 224.5188pt>
File: ../../classification/ds1_traffic_accidents/charts/lab2_profiling/traffic_
accidents_class_distribution.png Graphic file (type png)
<use ../../classification/ds1_traffic_accidents/charts/lab2_profiling/traffic_a
ccidents_class_distribution.png>
Package pdftex.def Info: ../../classification/ds1_traffic_accidents/charts/lab2
_profiling/traffic_accidents_class_distribution.png  used on input line 184.
(pdftex.def)             Requested size: 254.4853pt x 213.29163pt.
<../../classification/ds2_flight_cancellation/charts/lab2_profiling/flight_canc
ellations_class_distribution.png, id=76, 263.0628pt x 148.8762pt>
File: ../../classification/ds2_flight_cancellation/charts/lab2_profiling/flight
_cancellations_class_distribution.png Graphic file (type png)
<use ../../classification/ds2_flight_cancellation/charts/lab2_profiling/flight_
cancellations_class_distribution.png>
Package pdftex.def Info: ../../classification/ds2_flight_cancellation/charts/la
b2_profiling/flight_cancellations_class_distribution.png  used on input line 18
9.
(pdftex.def)             Requested size: 249.90823pt x 141.43158pt.


[10 <../../classification/ds2_flight_cancellation/charts/lab2_profiling/flight_
cancellations_outliers_standard.png> <../../classification/ds2_flight_cancellat
ion/charts/lab2_profiling/flight_cancellations_outliers_tuned.png> <../../class
ification/ds1_traffic_accidents/charts/lab2_profiling/traffic_accidents_class_d
istribution.png>]
<../../classification/ds1_traffic_accidents/charts/lab2_profiling/traffic_accid
ents_granularity_crash_date.png, id=83, 950.5914pt x 283.7802pt>
File: ../../classification/ds1_traffic_accidents/charts/lab2_profiling/traffic_
accidents_granularity_crash_date.png Graphic file (type png)
<use ../../classification/ds1_traffic_accidents/charts/lab2_profiling/traffic_a
ccidents_granularity_crash_date.png>
Package pdftex.def Info: ../../classification/ds1_traffic_accidents/charts/lab2
_profiling/traffic_accidents_granularity_crash_date.png  used on input line 197
.
(pdftex.def)             Requested size: 500.484pt x 149.41118pt.
<../../classification/ds2_flight_cancellation/charts/lab2_profiling/flight_canc
ellations_granularity_FlightDate.png, id=84, 941.4372pt x 283.7802pt>
File: ../../classification/ds2_flight_cancellation/charts/lab2_profiling/flight
_cancellations_granularity_FlightDate.png Graphic file (type png)
<use ../../classification/ds2_flight_cancellation/charts/lab2_profiling/flight_
cancellations_granularity_FlightDate.png>
Package pdftex.def Info: ../../classification/ds2_flight_cancellation/charts/la
b2_profiling/flight_cancellations_granularity_FlightDate.png  used on input lin
e 202.
(pdftex.def)             Requested size: 500.484pt x 150.8661pt.
<../../classification/ds1_traffic_accidents/charts/lab2_profiling/traffic_accid
ents_sparsity_study.png, id=85, 6648.84pt x 6648.84pt>
File: ../../classification/ds1_traffic_accidents/charts/lab2_profiling/traffic_
accidents_sparsity_study.png Graphic file (type png)
<use ../../classification/ds1_traffic_accidents/charts/lab2_profiling/traffic_a
ccidents_sparsity_study.png>
Package pdftex.def Info: ../../classification/ds1_traffic_accidents/charts/lab2
_profiling/traffic_accidents_sparsity_study.png  used on input line 210.
(pdftex.def)             Requested size: 500.484pt x 500.46765pt.


[11 <../../classification/ds2_flight_cancellation/charts/lab2_profiling/flight_
cancellations_class_distribution.png> <../../classification/ds1_traffic_acciden
ts/charts/lab2_profiling/traffic_accidents_granularity_crash_date.png> <../../c
lassification/ds2_flight_cancellation/charts/lab2_profiling/flight_cancellation
s_granularity_FlightDate.png>]
<../../classification/ds1_traffic_accidents/charts/lab2_profiling/traffic_accid
ents_sparsity_per_class_study.png, id=92, 6648.84pt x 6648.84pt>
File: ../../classification/ds1_traffic_accidents/charts/lab2_profiling/traffic_
accidents_sparsity_per_class_study.png Graphic file (type png)
<use ../../classification/ds1_traffic_accidents/charts/lab2_profiling/traffic_a
ccidents_sparsity_per_class_study.png>
Package pdftex.def Info: ../../classification/ds1_traffic_accidents/charts/lab2
_profiling/traffic_accidents_sparsity_per_class_study.png  used on input line 2
15.
(pdftex.def)             Requested size: 500.484pt x 500.46765pt.


[12 <../../classification/ds1_traffic_accidents/charts/lab2_profiling/traffic_a
ccidents_sparsity_study.png>]
<../../classification/ds1_traffic_accidents/charts/lab2_profiling/traffic_accid
ents_correlation_analysis.png, id=97, 334.3692pt x 274.626pt>
File: ../../classification/ds1_traffic_accidents/charts/lab2_profiling/traffic_
accidents_correlation_analysis.png Graphic file (type png)
<use ../../classification/ds1_traffic_accidents/charts/lab2_profiling/traffic_a
ccidents_correlation_analysis.png>
Package pdftex.def Info: ../../classification/ds1_traffic_accidents/charts/lab2
_profiling/traffic_accidents_correlation_analysis.png  used on input line 235.
(pdftex.def)             Requested size: 317.64893pt x 260.8932pt.


[13 <../../classification/ds1_traffic_accidents/charts/lab2_profiling/traffic_a
ccidents_sparsity_per_class_study.png>]
<../../classification/ds2_flight_cancellation/charts/lab2_profiling/flight_canc
ellations_correlation_analysis.png, id=103, 345.9324pt x 283.7802pt>
File: ../../classification/ds2_flight_cancellation/charts/lab2_profiling/flight
_cancellations_correlation_analysis.png Graphic file (type png)
<use ../../classification/ds2_flight_cancellation/charts/lab2_profiling/flight_
cancellations_correlation_analysis.png>
Package pdftex.def Info: ../../classification/ds2_flight_cancellation/charts/la
b2_profiling/flight_cancellations_correlation_analysis.png  used on input line 
240.
(pdftex.def)             Requested size: 328.63391pt x 269.58965pt.


[14 <../../classification/ds1_traffic_accidents/charts/lab2_profiling/traffic_a
ccidents_correlation_analysis.png> <../../classification/ds2_flight_cancellatio
n/charts/lab2_profiling/flight_cancellations_correlation_analysis.png>]
(./main.aux)
 ***********
LaTeX2e <2024-11-01> patch level 2
L3 programming layer <2025-01-18>
 ***********
 ) 
Here is how much of TeX's memory you used:
 6911 strings out of 473190
 139621 string characters out of 5715800
 522935 words of memory out of 5000000
 30056 multiletter control sequences out of 15000+600000
 572129 words of font info for 62 fonts, out of 8000000 for 9000
 1141 hyphenation exceptions out of 8191
 67i,13n,77p,301b,467s stack positions out of 10000i,1000n,20000p,200000b,200000s
</usr/local/texlive/2025/texmf-dist/fonts/type1/public/amsfonts/cm/cmr12.pfb>
</usr/local/texlive/2025/texmf-dist/fonts/type1/public/cm-super/sfso1200.pfb></
usr/local/texlive/2025/texmf-dist/fonts/type1/public/cm-super/sfss0900.pfb></us
r/local/texlive/2025/texmf-dist/fonts/type1/public/cm-super/sfss1000.pfb></usr/
local/texlive/2025/texmf-dist/fonts/type1/public/cm-super/sfss3583.pfb></usr/lo
cal/texlive/2025/texmf-dist/fonts/type1/public/cm-super/sfsx1000.pfb></usr/loca
l/texlive/2025/texmf-dist/fonts/type1/public/cm-super/sfsx1440.pfb></usr/local/
texlive/2025/texmf-dist/fonts/type1/public/cm-super/sfsx2074.pfb>
Output written on main.pdf (14 pages, 8332328 bytes).
PDF statistics:
 145 PDF objects out of 1000 (max. 8388607)
 59 compressed objects within 1 object stream
 0 named destinations out of 1000 (max. 500000)
 136 words of extra memory for PDF output out of 10000 (max. 10000000)

